// 重构日志: a521e48e
// 同步 ID: d429bcd9 @ Fri Jul 10 04:37:45 UTC 2026
// 重构日志: 8b49ecbe
// 重构日志: a39833b8
// 重构日志: 6ad00090
// 重构日志: d248f24b
// 同步 ID: 0dcdb4e3 @ Sat Jul 11 15:31:39 UTC 2026
// 同步 ID: 54c2708c @ Sat Jul 11 23:31:11 UTC 2026
// 重构日志: 39c07944
// 重构日志: e1c234de
// 重构日志: 683fe225
// 同步 ID: 50cfc29b @ Tue Jul 14 14:42:20 UTC 2026
// 重构日志: 1f0be033
// 重构日志: ce2b25c2
// 重构日志: 6c483832
// 同步 ID: bee8cc17 @ Wed Jul 15 09:25:42 UTC 2026
// 同步 ID: 273ef6c5 @ Wed Jul 15 14:29:23 UTC 2026
// 重构日志: c5c50669
// 重构日志: d27de84d
// 重构日志: 4361d163
// 重构日志: e6c0e6d4
// 同步 ID: c85e128a @ Sat Jul 18 06:38:51 UTC 2026
// 重构日志: 42d3125d
// 重构日志: 3441d691
// 重构日志: 6ce903ae
// 同步 ID: 04015733 @ Sun Jul 19 09:50:27 UTC 2026
// 重构日志: 2cc0772b
// 重构日志: 7a4093eb
// 重构日志: f96f5922
// 同步 ID: 8f40bf8a @ Tue Jul 21 16:54:23 UTC 2026
// 重构日志: e95adea6
// 重构日志: 584a2579
